{"/Users/yuxiangli/Downloads/gilded-rose-kata/app/AgedBrie.ts": {"path":"/Users/yuxiangli/Downloads/gilded-rose-kata/app/AgedBrie.ts","all":false,"statementMap":{"0":{"start":{"line":1,"column":0},"end":{"line":1,"column":30}},"1":{"start":{"line":2,"column":0},"end":{"line":2,"column":0}},"2":{"start":{"line":3,"column":0},"end":{"line":3,"column":36}},"3":{"start":{"line":4,"column":0},"end":{"line":4,"column":48}},"4":{"start":{"line":5,"column":0},"end":{"line":5,"column":40}},"5":{"start":{"line":6,"column":0},"end":{"line":6,"column":3}},"6":{"start":{"line":7,"column":0},"end":{"line":7,"column":13}},"7":{"start":{"line":8,"column":0},"end":{"line":8,"column":27}},"8":{"start":{"line":9,"column":0},"end":{"line":9,"column":24}},"9":{"start":{"line":10,"column":0},"end":{"line":10,"column":26}},"10":{"start":{"line":11,"column":0},"end":{"line":11,"column":29}},"11":{"start":{"line":12,"column":0},"end":{"line":12,"column":5}},"12":{"start":{"line":13,"column":0},"end":{"line":13,"column":3}},"13":{"start":{"line":14,"column":0},"end":{"line":14,"column":1}}},"s":{"0":1,"1":1,"2":1,"3":1,"4":1,"5":1,"6":0,"7":0,"8":0,"9":1,"10":0,"11":0,"12":0,"13":0},"branchMap":{"0":{"type":"branch","line":1,"loc":{"start":{"line":1,"column":0},"end":{"line":14,"column":1}},"locations":[{"start":{"line":1,"column":0},"end":{"line":14,"column":1}}]},"1":{"type":"branch","line":1,"loc":{"start":{"line":1,"column":0},"end":{"line":14,"column":1}},"locations":[{"start":{"line":1,"column":0},"end":{"line":14,"column":1}}]},"2":{"type":"branch","line":3,"loc":{"start":{"line":3,"column":27},"end":{"line":14,"column":1}},"locations":[{"start":{"line":3,"column":27},"end":{"line":14,"column":1}}]},"3":{"type":"branch","line":4,"loc":{"start":{"line":4,"column":28},"end":{"line":14,"column":1}},"locations":[{"start":{"line":4,"column":28},"end":{"line":14,"column":1}}]},"4":{"type":"branch","line":6,"loc":{"start":{"line":6,"column":2},"end":{"line":10,"column":22}},"locations":[{"start":{"line":6,"column":2},"end":{"line":10,"column":22}}]},"5":{"type":"branch","line":10,"loc":{"start":{"line":10,"column":23},"end":{"line":14,"column":1}},"locations":[{"start":{"line":10,"column":23},"end":{"line":14,"column":1}}]}},"b":{"0":[1],"1":[1],"2":[1],"3":[1],"4":[0],"5":[0]},"fnMap":{"0":{"name":"Object.<anonymous>","decl":{"start":{"line":1,"column":0},"end":{"line":14,"column":1}},"loc":{"start":{"line":1,"column":0},"end":{"line":14,"column":1}},"line":1},"1":{"name":"extendStatics","decl":{"start":{"line":4,"column":28},"end":{"line":14,"column":1}},"loc":{"start":{"line":4,"column":28},"end":{"line":14,"column":1}},"line":4},"2":{"name":"extendStatics","decl":{"start":{"line":9,"column":10},"end":{"line":10,"column":21}},"loc":{"start":{"line":9,"column":10},"end":{"line":10,"column":21}},"line":9},"3":{"name":"extendStatics","decl":{"start":{"line":11,"column":11},"end":{"line":14,"column":1}},"loc":{"start":{"line":11,"column":11},"end":{"line":14,"column":1}},"line":11}},"f":{"0":1,"1":1,"2":0,"3":0}}
,"/Users/yuxiangli/Downloads/gilded-rose-kata/app/BackstagePass.ts": {"path":"/Users/yuxiangli/Downloads/gilded-rose-kata/app/BackstagePass.ts","all":false,"statementMap":{"0":{"start":{"line":1,"column":0},"end":{"line":1,"column":30}},"1":{"start":{"line":2,"column":0},"end":{"line":2,"column":0}},"2":{"start":{"line":3,"column":0},"end":{"line":3,"column":41}},"3":{"start":{"line":4,"column":0},"end":{"line":4,"column":48}},"4":{"start":{"line":5,"column":0},"end":{"line":5,"column":72}},"5":{"start":{"line":6,"column":0},"end":{"line":6,"column":3}},"6":{"start":{"line":7,"column":0},"end":{"line":7,"column":13}},"7":{"start":{"line":8,"column":0},"end":{"line":8,"column":27}},"8":{"start":{"line":9,"column":0},"end":{"line":9,"column":26}},"9":{"start":{"line":10,"column":0},"end":{"line":10,"column":29}},"10":{"start":{"line":11,"column":0},"end":{"line":11,"column":5}},"11":{"start":{"line":12,"column":0},"end":{"line":12,"column":25}},"12":{"start":{"line":13,"column":0},"end":{"line":13,"column":29}},"13":{"start":{"line":14,"column":0},"end":{"line":14,"column":5}},"14":{"start":{"line":15,"column":0},"end":{"line":15,"column":24}},"15":{"start":{"line":16,"column":0},"end":{"line":16,"column":24}},"16":{"start":{"line":17,"column":0},"end":{"line":17,"column":23}},"17":{"start":{"line":18,"column":0},"end":{"line":18,"column":5}},"18":{"start":{"line":19,"column":0},"end":{"line":19,"column":3}},"19":{"start":{"line":20,"column":0},"end":{"line":20,"column":1}}},"s":{"0":1,"1":1,"2":1,"3":1,"4":1,"5":0,"6":0,"7":0,"8":1,"9":0,"10":0,"11":0,"12":0,"13":1,"14":1,"15":1,"16":1,"17":1,"18":1,"19":1},"branchMap":{"0":{"type":"branch","line":1,"loc":{"start":{"line":1,"column":0},"end":{"line":20,"column":1}},"locations":[{"start":{"line":1,"column":0},"end":{"line":20,"column":1}}]},"1":{"type":"branch","line":1,"loc":{"start":{"line":1,"column":0},"end":{"line":20,"column":1}},"locations":[{"start":{"line":1,"column":0},"end":{"line":20,"column":1}}]},"2":{"type":"branch","line":3,"loc":{"start":{"line":3,"column":27},"end":{"line":20,"column":1}},"locations":[{"start":{"line":3,"column":27},"end":{"line":20,"column":1}}]},"3":{"type":"branch","line":4,"loc":{"start":{"line":4,"column":23},"end":{"line":16,"column":16}},"locations":[{"start":{"line":4,"column":23},"end":{"line":16,"column":16}}]},"4":{"type":"branch","line":5,"loc":{"start":{"line":5,"column":38},"end":{"line":9,"column":10}},"locations":[{"start":{"line":5,"column":38},"end":{"line":9,"column":10}}]},"5":{"type":"branch","line":9,"loc":{"start":{"line":9,"column":11},"end":{"line":14,"column":4}},"locations":[{"start":{"line":9,"column":11},"end":{"line":14,"column":4}}]},"6":{"type":"branch","line":17,"loc":{"start":{"line":17,"column":4},"end":{"line":20,"column":1}},"locations":[{"start":{"line":17,"column":4},"end":{"line":20,"column":1}}]}},"b":{"0":[1],"1":[1],"2":[1],"3":[1],"4":[0],"5":[0],"6":[1]},"fnMap":{"0":{"name":"Object.<anonymous>","decl":{"start":{"line":1,"column":0},"end":{"line":20,"column":1}},"loc":{"start":{"line":1,"column":0},"end":{"line":20,"column":1}},"line":1},"1":{"name":"extendStatics","decl":{"start":{"line":4,"column":23},"end":{"line":16,"column":16}},"loc":{"start":{"line":4,"column":23},"end":{"line":16,"column":16}},"line":4},"2":{"name":"extendStatics","decl":{"start":{"line":8,"column":1},"end":{"line":9,"column":9}},"loc":{"start":{"line":8,"column":1},"end":{"line":9,"column":9}},"line":8},"3":{"name":"extendStatics","decl":{"start":{"line":10,"column":-1},"end":{"line":14,"column":4}},"loc":{"start":{"line":10,"column":-1},"end":{"line":14,"column":4}},"line":10},"4":{"name":"Object.<anonymous>.__extends","decl":{"start":{"line":17,"column":4},"end":{"line":20,"column":1}},"loc":{"start":{"line":17,"column":4},"end":{"line":20,"column":1}},"line":17}},"f":{"0":1,"1":1,"2":0,"3":0,"4":1}}
,"/Users/yuxiangli/Downloads/gilded-rose-kata/app/Item.ts": {"path":"/Users/yuxiangli/Downloads/gilded-rose-kata/app/Item.ts","all":false,"statementMap":{"0":{"start":{"line":1,"column":0},"end":{"line":1,"column":19}},"1":{"start":{"line":2,"column":0},"end":{"line":2,"column":15}},"2":{"start":{"line":3,"column":0},"end":{"line":3,"column":17}},"3":{"start":{"line":4,"column":0},"end":{"line":4,"column":18}},"4":{"start":{"line":5,"column":0},"end":{"line":5,"column":0}},"5":{"start":{"line":6,"column":0},"end":{"line":6,"column":62}},"6":{"start":{"line":7,"column":0},"end":{"line":7,"column":21}},"7":{"start":{"line":8,"column":0},"end":{"line":8,"column":25}},"8":{"start":{"line":9,"column":0},"end":{"line":9,"column":27}},"9":{"start":{"line":10,"column":0},"end":{"line":10,"column":3}},"10":{"start":{"line":11,"column":0},"end":{"line":11,"column":0}},"11":{"start":{"line":12,"column":0},"end":{"line":12,"column":18}},"12":{"start":{"line":13,"column":0},"end":{"line":13,"column":34}},"13":{"start":{"line":14,"column":0},"end":{"line":14,"column":3}},"14":{"start":{"line":15,"column":0},"end":{"line":15,"column":0}},"15":{"start":{"line":16,"column":0},"end":{"line":16,"column":19}},"16":{"start":{"line":17,"column":0},"end":{"line":17,"column":32}},"17":{"start":{"line":18,"column":0},"end":{"line":18,"column":36}},"18":{"start":{"line":19,"column":0},"end":{"line":19,"column":25}},"19":{"start":{"line":20,"column":0},"end":{"line":20,"column":38}},"20":{"start":{"line":21,"column":0},"end":{"line":21,"column":5}},"21":{"start":{"line":22,"column":0},"end":{"line":22,"column":3}},"22":{"start":{"line":23,"column":0},"end":{"line":23,"column":0}},"23":{"start":{"line":24,"column":0},"end":{"line":24,"column":21}},"24":{"start":{"line":25,"column":0},"end":{"line":25,"column":34}},"25":{"start":{"line":26,"column":0},"end":{"line":26,"column":36}},"26":{"start":{"line":27,"column":0},"end":{"line":27,"column":3}},"27":{"start":{"line":28,"column":0},"end":{"line":28,"column":0}},"28":{"start":{"line":29,"column":0},"end":{"line":29,"column":13}},"29":{"start":{"line":30,"column":0},"end":{"line":30,"column":24}},"30":{"start":{"line":31,"column":0},"end":{"line":31,"column":25}},"31":{"start":{"line":32,"column":0},"end":{"line":32,"column":3}},"32":{"start":{"line":33,"column":0},"end":{"line":33,"column":1}}},"s":{"0":1,"1":1,"2":1,"3":1,"4":1,"5":1,"6":1,"7":14,"8":14,"9":14,"10":14,"11":14,"12":14,"13":14,"14":14,"15":1,"16":1,"17":34,"18":1,"19":1,"20":16,"21":16,"22":16,"23":16,"24":16,"25":14,"26":14,"27":14,"28":5,"29":5,"30":1,"31":1,"32":1},"branchMap":{"0":{"type":"branch","line":1,"loc":{"start":{"line":1,"column":0},"end":{"line":33,"column":1}},"locations":[{"start":{"line":1,"column":0},"end":{"line":33,"column":1}}]},"1":{"type":"branch","line":1,"loc":{"start":{"line":1,"column":0},"end":{"line":33,"column":1}},"locations":[{"start":{"line":1,"column":0},"end":{"line":33,"column":1}}]},"2":{"type":"branch","line":6,"loc":{"start":{"line":6,"column":52},"end":{"line":33,"column":1}},"locations":[{"start":{"line":6,"column":52},"end":{"line":33,"column":1}}]},"3":{"type":"branch","line":7,"loc":{"start":{"line":7,"column":7},"end":{"line":15,"column":0}},"locations":[{"start":{"line":7,"column":7},"end":{"line":15,"column":0}}]},"4":{"type":"branch","line":17,"loc":{"start":{"line":17,"column":14},"end":{"line":19,"column":2}},"locations":[{"start":{"line":17,"column":14},"end":{"line":19,"column":2}}]},"5":{"type":"branch","line":20,"loc":{"start":{"line":20,"column":13},"end":{"line":31,"column":22}},"locations":[{"start":{"line":20,"column":13},"end":{"line":31,"column":22}}]},"6":{"type":"branch","line":24,"loc":{"start":{"line":24,"column":20},"end":{"line":25,"column":5}},"locations":[{"start":{"line":24,"column":20},"end":{"line":25,"column":5}}]},"7":{"type":"branch","line":25,"loc":{"start":{"line":25,"column":5},"end":{"line":28,"column":0}},"locations":[{"start":{"line":25,"column":5},"end":{"line":28,"column":0}}]},"8":{"type":"branch","line":29,"loc":{"start":{"line":29,"column":-1},"end":{"line":31,"column":16}},"locations":[{"start":{"line":29,"column":-1},"end":{"line":31,"column":16}}]}},"b":{"0":[1],"1":[1],"2":[1],"3":[14],"4":[34],"5":[16],"6":[2],"7":[14],"8":[5]},"fnMap":{"0":{"name":"Object.<anonymous>","decl":{"start":{"line":1,"column":0},"end":{"line":33,"column":1}},"loc":{"start":{"line":1,"column":0},"end":{"line":33,"column":1}},"line":1},"1":{"name":"Item","decl":{"start":{"line":7,"column":7},"end":{"line":15,"column":0}},"loc":{"start":{"line":7,"column":7},"end":{"line":15,"column":0}},"line":7},"2":{"name":"Object.<anonymous>.Item.reduceSellIn","decl":{"start":{"line":17,"column":14},"end":{"line":19,"column":2}},"loc":{"start":{"line":17,"column":14},"end":{"line":19,"column":2}},"line":17},"3":{"name":"Object.<anonymous>.Item.reduceQuality","decl":{"start":{"line":20,"column":13},"end":{"line":31,"column":22}},"loc":{"start":{"line":20,"column":13},"end":{"line":31,"column":22}},"line":20}},"f":{"0":1,"1":14,"2":34,"3":16}}
,"/Users/yuxiangli/Downloads/gilded-rose-kata/app/Sulfuras.ts": {"path":"/Users/yuxiangli/Downloads/gilded-rose-kata/app/Sulfuras.ts","all":false,"statementMap":{"0":{"start":{"line":1,"column":0},"end":{"line":1,"column":30}},"1":{"start":{"line":2,"column":0},"end":{"line":2,"column":0}},"2":{"start":{"line":3,"column":0},"end":{"line":3,"column":36}},"3":{"start":{"line":4,"column":0},"end":{"line":4,"column":48}},"4":{"start":{"line":5,"column":0},"end":{"line":5,"column":57}},"5":{"start":{"line":6,"column":0},"end":{"line":6,"column":3}},"6":{"start":{"line":7,"column":0},"end":{"line":7,"column":13}},"7":{"start":{"line":8,"column":0},"end":{"line":8,"column":35}},"8":{"start":{"line":9,"column":0},"end":{"line":9,"column":11}},"9":{"start":{"line":10,"column":0},"end":{"line":10,"column":4}},"10":{"start":{"line":11,"column":0},"end":{"line":11,"column":1}}},"s":{"0":1,"1":1,"2":1,"3":1,"4":1,"5":0,"6":0,"7":0,"8":0,"9":0,"10":0},"branchMap":{"0":{"type":"branch","line":1,"loc":{"start":{"line":1,"column":0},"end":{"line":11,"column":1}},"locations":[{"start":{"line":1,"column":0},"end":{"line":11,"column":1}}]},"1":{"type":"branch","line":1,"loc":{"start":{"line":1,"column":0},"end":{"line":11,"column":1}},"locations":[{"start":{"line":1,"column":0},"end":{"line":11,"column":1}}]},"2":{"type":"branch","line":3,"loc":{"start":{"line":3,"column":27},"end":{"line":11,"column":1}},"locations":[{"start":{"line":3,"column":27},"end":{"line":11,"column":1}}]},"3":{"type":"branch","line":4,"loc":{"start":{"line":4,"column":28},"end":{"line":11,"column":1}},"locations":[{"start":{"line":4,"column":28},"end":{"line":11,"column":1}}]},"4":{"type":"branch","line":5,"loc":{"start":{"line":5,"column":43},"end":{"line":11,"column":1}},"locations":[{"start":{"line":5,"column":43},"end":{"line":11,"column":1}}]}},"b":{"0":[1],"1":[1],"2":[1],"3":[1],"4":[0]},"fnMap":{"0":{"name":"Object.<anonymous>","decl":{"start":{"line":1,"column":0},"end":{"line":11,"column":1}},"loc":{"start":{"line":1,"column":0},"end":{"line":11,"column":1}},"line":1},"1":{"name":"extendStatics","decl":{"start":{"line":4,"column":28},"end":{"line":11,"column":1}},"loc":{"start":{"line":4,"column":28},"end":{"line":11,"column":1}},"line":4},"2":{"name":"extendStatics","decl":{"start":{"line":8,"column":21},"end":{"line":11,"column":1}},"loc":{"start":{"line":8,"column":21},"end":{"line":11,"column":1}},"line":8}},"f":{"0":1,"1":1,"2":0}}
,"/Users/yuxiangli/Downloads/gilded-rose-kata/app/gilded-rose.ts": {"path":"/Users/yuxiangli/Downloads/gilded-rose-kata/app/gilded-rose.ts","all":false,"statementMap":{"0":{"start":{"line":1,"column":0},"end":{"line":1,"column":30}},"1":{"start":{"line":2,"column":0},"end":{"line":2,"column":0}},"2":{"start":{"line":3,"column":0},"end":{"line":3,"column":25}},"3":{"start":{"line":4,"column":0},"end":{"line":4,"column":21}},"4":{"start":{"line":5,"column":0},"end":{"line":5,"column":0}},"5":{"start":{"line":6,"column":0},"end":{"line":6,"column":42}},"6":{"start":{"line":7,"column":0},"end":{"line":7,"column":23}},"7":{"start":{"line":8,"column":0},"end":{"line":8,"column":3}},"8":{"start":{"line":9,"column":0},"end":{"line":9,"column":0}},"9":{"start":{"line":10,"column":0},"end":{"line":10,"column":30}},"10":{"start":{"line":11,"column":0},"end":{"line":11,"column":26}},"11":{"start":{"line":12,"column":0},"end":{"line":12,"column":36}},"12":{"start":{"line":13,"column":0},"end":{"line":13,"column":27}},"13":{"start":{"line":14,"column":0},"end":{"line":14,"column":5}},"14":{"start":{"line":15,"column":0},"end":{"line":15,"column":3}},"15":{"start":{"line":16,"column":0},"end":{"line":16,"column":0}},"16":{"start":{"line":17,"column":0},"end":{"line":17,"column":19}},"17":{"start":{"line":18,"column":0},"end":{"line":18,"column":49}},"18":{"start":{"line":19,"column":0},"end":{"line":19,"column":22}},"19":{"start":{"line":20,"column":0},"end":{"line":20,"column":3}},"20":{"start":{"line":21,"column":0},"end":{"line":21,"column":1}}},"s":{"0":1,"1":1,"2":1,"3":1,"4":1,"5":1,"6":1,"7":1,"8":1,"9":1,"10":6,"11":6,"12":1,"13":1,"14":1,"15":1,"16":1,"17":1,"18":1,"19":1,"20":1},"branchMap":{"0":{"type":"branch","line":1,"loc":{"start":{"line":1,"column":0},"end":{"line":21,"column":1}},"locations":[{"start":{"line":1,"column":0},"end":{"line":21,"column":1}}]},"1":{"type":"branch","line":1,"loc":{"start":{"line":1,"column":0},"end":{"line":21,"column":1}},"locations":[{"start":{"line":1,"column":0},"end":{"line":21,"column":1}}]},"2":{"type":"branch","line":7,"loc":{"start":{"line":7,"column":14},"end":{"line":21,"column":1}},"locations":[{"start":{"line":7,"column":14},"end":{"line":21,"column":1}}]},"3":{"type":"branch","line":10,"loc":{"start":{"line":10,"column":3},"end":{"line":13,"column":16}},"locations":[{"start":{"line":10,"column":3},"end":{"line":13,"column":16}}]},"4":{"type":"branch","line":12,"loc":{"start":{"line":12,"column":4},"end":{"line":12,"column":19}},"locations":[{"start":{"line":12,"column":4},"end":{"line":12,"column":19}}]},"5":{"type":"branch","line":18,"loc":{"start":{"line":18,"column":27},"end":{"line":21,"column":1}},"locations":[{"start":{"line":18,"column":27},"end":{"line":21,"column":1}}]}},"b":{"0":[1],"1":[1],"2":[1],"3":[6],"4":[0],"5":[1]},"fnMap":{"0":{"name":"Object.<anonymous>","decl":{"start":{"line":1,"column":0},"end":{"line":21,"column":1}},"loc":{"start":{"line":1,"column":0},"end":{"line":21,"column":1}},"line":1},"1":{"name":"GildedRose","decl":{"start":{"line":10,"column":3},"end":{"line":13,"column":16}},"loc":{"start":{"line":10,"column":3},"end":{"line":13,"column":16}},"line":10},"2":{"name":"Object.<anonymous>.GildedRose._runDays","decl":{"start":{"line":18,"column":27},"end":{"line":21,"column":1}},"loc":{"start":{"line":18,"column":27},"end":{"line":21,"column":1}},"line":18}},"f":{"0":1,"1":6,"2":1}}
}
