{"/Users/yuxiangli/Downloads/gilded-rose-kata/app/gilded-rose.ts": {"path":"/Users/yuxiangli/Downloads/gilded-rose-kata/app/gilded-rose.ts","all":false,"statementMap":{"0":{"start":{"line":1,"column":0},"end":{"line":1,"column":19}},"1":{"start":{"line":2,"column":0},"end":{"line":2,"column":15}},"2":{"start":{"line":3,"column":0},"end":{"line":3,"column":17}},"3":{"start":{"line":4,"column":0},"end":{"line":4,"column":18}},"4":{"start":{"line":5,"column":0},"end":{"line":5,"column":0}},"5":{"start":{"line":6,"column":0},"end":{"line":6,"column":38}},"6":{"start":{"line":7,"column":0},"end":{"line":7,"column":21}},"7":{"start":{"line":8,"column":0},"end":{"line":8,"column":25}},"8":{"start":{"line":9,"column":0},"end":{"line":9,"column":27}},"9":{"start":{"line":10,"column":0},"end":{"line":10,"column":3}},"10":{"start":{"line":11,"column":0},"end":{"line":11,"column":0}},"11":{"start":{"line":12,"column":0},"end":{"line":12,"column":16}},"12":{"start":{"line":13,"column":0},"end":{"line":13,"column":37}},"13":{"start":{"line":14,"column":0},"end":{"line":14,"column":3}},"14":{"start":{"line":15,"column":0},"end":{"line":15,"column":0}},"15":{"start":{"line":16,"column":0},"end":{"line":16,"column":17}},"16":{"start":{"line":17,"column":0},"end":{"line":17,"column":69}},"17":{"start":{"line":18,"column":0},"end":{"line":18,"column":3}},"18":{"start":{"line":19,"column":0},"end":{"line":19,"column":0}},"19":{"start":{"line":20,"column":0},"end":{"line":20,"column":16}},"20":{"start":{"line":21,"column":0},"end":{"line":21,"column":53}},"21":{"start":{"line":22,"column":0},"end":{"line":22,"column":3}},"22":{"start":{"line":23,"column":0},"end":{"line":23,"column":0}},"23":{"start":{"line":24,"column":0},"end":{"line":24,"column":18}},"24":{"start":{"line":25,"column":0},"end":{"line":25,"column":33}},"25":{"start":{"line":26,"column":0},"end":{"line":26,"column":34}},"26":{"start":{"line":27,"column":0},"end":{"line":27,"column":3}},"27":{"start":{"line":28,"column":0},"end":{"line":28,"column":0}},"28":{"start":{"line":29,"column":0},"end":{"line":29,"column":19}},"29":{"start":{"line":30,"column":0},"end":{"line":30,"column":53}},"30":{"start":{"line":31,"column":0},"end":{"line":31,"column":36}},"31":{"start":{"line":32,"column":0},"end":{"line":32,"column":25}},"32":{"start":{"line":33,"column":0},"end":{"line":33,"column":38}},"33":{"start":{"line":34,"column":0},"end":{"line":34,"column":5}},"34":{"start":{"line":35,"column":0},"end":{"line":35,"column":3}},"35":{"start":{"line":36,"column":0},"end":{"line":36,"column":0}},"36":{"start":{"line":37,"column":0},"end":{"line":37,"column":21}},"37":{"start":{"line":38,"column":0},"end":{"line":38,"column":34}},"38":{"start":{"line":39,"column":0},"end":{"line":39,"column":36}},"39":{"start":{"line":40,"column":0},"end":{"line":40,"column":3}},"40":{"start":{"line":41,"column":0},"end":{"line":41,"column":1}},"41":{"start":{"line":42,"column":0},"end":{"line":42,"column":0}},"42":{"start":{"line":43,"column":0},"end":{"line":43,"column":25}},"43":{"start":{"line":44,"column":0},"end":{"line":44,"column":21}},"44":{"start":{"line":45,"column":0},"end":{"line":45,"column":0}},"45":{"start":{"line":46,"column":0},"end":{"line":46,"column":42}},"46":{"start":{"line":47,"column":0},"end":{"line":47,"column":23}},"47":{"start":{"line":48,"column":0},"end":{"line":48,"column":3}},"48":{"start":{"line":49,"column":0},"end":{"line":49,"column":0}},"49":{"start":{"line":50,"column":0},"end":{"line":50,"column":30}},"50":{"start":{"line":51,"column":0},"end":{"line":51,"column":26}},"51":{"start":{"line":52,"column":0},"end":{"line":52,"column":36}},"52":{"start":{"line":53,"column":0},"end":{"line":53,"column":27}},"53":{"start":{"line":54,"column":0},"end":{"line":54,"column":5}},"54":{"start":{"line":55,"column":0},"end":{"line":55,"column":3}},"55":{"start":{"line":56,"column":0},"end":{"line":56,"column":0}},"56":{"start":{"line":57,"column":0},"end":{"line":57,"column":24}},"57":{"start":{"line":58,"column":0},"end":{"line":58,"column":32}},"58":{"start":{"line":59,"column":0},"end":{"line":59,"column":27}},"59":{"start":{"line":60,"column":0},"end":{"line":60,"column":29}},"60":{"start":{"line":61,"column":0},"end":{"line":61,"column":26}},"61":{"start":{"line":62,"column":0},"end":{"line":62,"column":28}},"62":{"start":{"line":63,"column":0},"end":{"line":63,"column":31}},"63":{"start":{"line":64,"column":0},"end":{"line":64,"column":7}},"64":{"start":{"line":65,"column":0},"end":{"line":65,"column":34}},"65":{"start":{"line":66,"column":0},"end":{"line":66,"column":29}},"66":{"start":{"line":67,"column":0},"end":{"line":67,"column":28}},"67":{"start":{"line":68,"column":0},"end":{"line":68,"column":31}},"68":{"start":{"line":69,"column":0},"end":{"line":69,"column":7}},"69":{"start":{"line":70,"column":0},"end":{"line":70,"column":27}},"70":{"start":{"line":71,"column":0},"end":{"line":71,"column":31}},"71":{"start":{"line":72,"column":0},"end":{"line":72,"column":7}},"72":{"start":{"line":73,"column":0},"end":{"line":73,"column":26}},"73":{"start":{"line":74,"column":0},"end":{"line":74,"column":26}},"74":{"start":{"line":75,"column":0},"end":{"line":75,"column":25}},"75":{"start":{"line":76,"column":0},"end":{"line":76,"column":7}},"76":{"start":{"line":77,"column":0},"end":{"line":77,"column":12}},"77":{"start":{"line":78,"column":0},"end":{"line":78,"column":26}},"78":{"start":{"line":79,"column":0},"end":{"line":79,"column":27}},"79":{"start":{"line":80,"column":0},"end":{"line":80,"column":5}},"80":{"start":{"line":81,"column":0},"end":{"line":81,"column":3}},"81":{"start":{"line":82,"column":0},"end":{"line":82,"column":0}},"82":{"start":{"line":83,"column":0},"end":{"line":83,"column":19}},"83":{"start":{"line":84,"column":0},"end":{"line":84,"column":62}},"84":{"start":{"line":85,"column":0},"end":{"line":85,"column":22}},"85":{"start":{"line":86,"column":0},"end":{"line":86,"column":3}},"86":{"start":{"line":87,"column":0},"end":{"line":87,"column":1}}},"s":{"0":1,"1":1,"2":1,"3":1,"4":1,"5":1,"6":1,"7":1,"8":1,"9":14,"10":14,"11":14,"12":14,"13":14,"14":14,"15":14,"16":1,"17":37,"18":37,"19":37,"20":1,"21":1,"22":1,"23":1,"24":31,"25":31,"26":31,"27":31,"28":1,"29":1,"30":56,"31":1,"32":1,"33":37,"34":37,"35":37,"36":37,"37":37,"38":1,"39":1,"40":1,"41":1,"42":1,"43":19,"44":19,"45":19,"46":19,"47":14,"48":14,"49":14,"50":19,"51":5,"52":1,"53":1,"54":1,"55":1,"56":1,"57":30,"58":30,"59":19,"60":1,"61":1,"62":1,"63":1,"64":1,"65":6,"66":6,"67":1,"68":1,"69":1,"70":1,"71":1,"72":1,"73":1,"74":4,"75":1,"76":1,"77":1,"78":1,"79":1,"80":1,"81":37,"82":37,"83":37,"84":6,"85":6,"86":6},"branchMap":{"0":{"type":"branch","line":1,"loc":{"start":{"line":1,"column":0},"end":{"line":87,"column":1}},"locations":[{"start":{"line":1,"column":0},"end":{"line":87,"column":1}}]},"1":{"type":"branch","line":1,"loc":{"start":{"line":1,"column":0},"end":{"line":87,"column":1}},"locations":[{"start":{"line":1,"column":0},"end":{"line":87,"column":1}}]},"2":{"type":"branch","line":8,"loc":{"start":{"line":8,"column":12},"end":{"line":62,"column":0}},"locations":[{"start":{"line":8,"column":12},"end":{"line":62,"column":0}}]},"3":{"type":"branch","line":9,"loc":{"start":{"line":9,"column":4},"end":{"line":17,"column":25}},"locations":[{"start":{"line":9,"column":4},"end":{"line":17,"column":25}}]},"4":{"type":"branch","line":17,"loc":{"start":{"line":17,"column":58},"end":{"line":21,"column":27}},"locations":[{"start":{"line":17,"column":58},"end":{"line":21,"column":27}}]},"5":{"type":"branch","line":24,"loc":{"start":{"line":24,"column":3},"end":{"line":29,"column":3}},"locations":[{"start":{"line":24,"column":3},"end":{"line":29,"column":3}}]},"6":{"type":"branch","line":30,"loc":{"start":{"line":30,"column":17},"end":{"line":32,"column":4}},"locations":[{"start":{"line":30,"column":17},"end":{"line":32,"column":4}}]},"7":{"type":"branch","line":33,"loc":{"start":{"line":33,"column":14},"end":{"line":39,"column":16}},"locations":[{"start":{"line":33,"column":14},"end":{"line":39,"column":16}}]},"8":{"type":"branch","line":38,"loc":{"start":{"line":38,"column":-1},"end":{"line":38,"column":6}},"locations":[{"start":{"line":38,"column":-1},"end":{"line":38,"column":6}}]},"9":{"type":"branch","line":38,"loc":{"start":{"line":38,"column":6},"end":{"line":39,"column":15}},"locations":[{"start":{"line":38,"column":6},"end":{"line":39,"column":15}}]},"10":{"type":"branch","line":43,"loc":{"start":{"line":43,"column":9},"end":{"line":53,"column":11}},"locations":[{"start":{"line":43,"column":9},"end":{"line":53,"column":11}}]},"11":{"type":"branch","line":46,"loc":{"start":{"line":46,"column":4},"end":{"line":46,"column":24}},"locations":[{"start":{"line":46,"column":4},"end":{"line":46,"column":24}}]},"12":{"type":"branch","line":46,"loc":{"start":{"line":46,"column":38},"end":{"line":47,"column":2}},"locations":[{"start":{"line":46,"column":38},"end":{"line":47,"column":2}}]},"13":{"type":"branch","line":47,"loc":{"start":{"line":47,"column":2},"end":{"line":51,"column":13}},"locations":[{"start":{"line":47,"column":2},"end":{"line":51,"column":13}}]},"14":{"type":"branch","line":51,"loc":{"start":{"line":51,"column":13},"end":{"line":53,"column":5}},"locations":[{"start":{"line":51,"column":13},"end":{"line":53,"column":5}}]},"15":{"type":"branch","line":57,"loc":{"start":{"line":57,"column":11},"end":{"line":61,"column":7}},"locations":[{"start":{"line":57,"column":11},"end":{"line":61,"column":7}}]},"16":{"type":"branch","line":59,"loc":{"start":{"line":59,"column":11},"end":{"line":59,"column":18}},"locations":[{"start":{"line":59,"column":11},"end":{"line":59,"column":18}}]},"17":{"type":"branch","line":59,"loc":{"start":{"line":59,"column":18},"end":{"line":61,"column":6}},"locations":[{"start":{"line":59,"column":18},"end":{"line":61,"column":6}}]},"18":{"type":"branch","line":63,"loc":{"start":{"line":63,"column":29},"end":{"line":87,"column":1}},"locations":[{"start":{"line":63,"column":29},"end":{"line":87,"column":1}}]},"19":{"type":"branch","line":65,"loc":{"start":{"line":65,"column":7},"end":{"line":68,"column":21}},"locations":[{"start":{"line":65,"column":7},"end":{"line":68,"column":21}}]},"20":{"type":"branch","line":67,"loc":{"start":{"line":67,"column":1},"end":{"line":67,"column":16}},"locations":[{"start":{"line":67,"column":1},"end":{"line":67,"column":16}}]},"21":{"type":"branch","line":71,"loc":{"start":{"line":71,"column":23},"end":{"line":77,"column":3}},"locations":[{"start":{"line":71,"column":23},"end":{"line":77,"column":3}}]},"22":{"type":"branch","line":74,"loc":{"start":{"line":74,"column":13},"end":{"line":76,"column":5}},"locations":[{"start":{"line":74,"column":13},"end":{"line":76,"column":5}}]},"23":{"type":"branch","line":81,"loc":{"start":{"line":81,"column":2},"end":{"line":87,"column":1}},"locations":[{"start":{"line":81,"column":2},"end":{"line":87,"column":1}}]},"24":{"type":"branch","line":84,"loc":{"start":{"line":84,"column":26},"end":{"line":87,"column":1}},"locations":[{"start":{"line":84,"column":26},"end":{"line":87,"column":1}}]}},"b":{"0":[1],"1":[1],"2":[1],"3":[14],"4":[37],"5":[31],"6":[56],"7":[37],"8":[3],"9":[34],"10":[19],"11":[16],"12":[5],"13":[14],"14":[5],"15":[30],"16":[11],"17":[19],"18":[1],"19":[6],"20":[0],"21":[1],"22":[4],"23":[37],"24":[6]},"fnMap":{"0":{"name":"Object.<anonymous>","decl":{"start":{"line":1,"column":0},"end":{"line":87,"column":1}},"loc":{"start":{"line":1,"column":0},"end":{"line":87,"column":1}},"line":1},"1":{"name":"Item","decl":{"start":{"line":9,"column":4},"end":{"line":17,"column":25}},"loc":{"start":{"line":9,"column":4},"end":{"line":17,"column":25}},"line":9},"2":{"name":"Object.<anonymous>.Item.isAgedBrie","decl":{"start":{"line":17,"column":58},"end":{"line":21,"column":27}},"loc":{"start":{"line":17,"column":58},"end":{"line":21,"column":27}},"line":17},"3":{"name":"Object.<anonymous>.Item.isBackStage","decl":{"start":{"line":24,"column":3},"end":{"line":29,"column":3}},"loc":{"start":{"line":24,"column":3},"end":{"line":29,"column":3}},"line":24},"4":{"name":"Object.<anonymous>.Item.isSulfuras","decl":{"start":{"line":30,"column":17},"end":{"line":32,"column":4}},"loc":{"start":{"line":30,"column":17},"end":{"line":32,"column":4}},"line":30},"5":{"name":"Object.<anonymous>.Item.reduceSellIn","decl":{"start":{"line":33,"column":14},"end":{"line":39,"column":16}},"loc":{"start":{"line":33,"column":14},"end":{"line":39,"column":16}},"line":33},"6":{"name":"Object.<anonymous>.Item.reduceQuality","decl":{"start":{"line":43,"column":9},"end":{"line":53,"column":11}},"loc":{"start":{"line":43,"column":9},"end":{"line":53,"column":11}},"line":43},"7":{"name":"Object.<anonymous>.Item.increaseQuality","decl":{"start":{"line":57,"column":11},"end":{"line":61,"column":7}},"loc":{"start":{"line":57,"column":11},"end":{"line":61,"column":7}},"line":57},"8":{"name":"GildedRose","decl":{"start":{"line":65,"column":7},"end":{"line":68,"column":21}},"loc":{"start":{"line":65,"column":7},"end":{"line":68,"column":21}},"line":65},"9":{"name":"Object.<anonymous>.GildedRose._runDays","decl":{"start":{"line":71,"column":23},"end":{"line":77,"column":3}},"loc":{"start":{"line":71,"column":23},"end":{"line":77,"column":3}},"line":71},"10":{"name":"Object.<anonymous>.GildedRose._modifyItemValue","decl":{"start":{"line":81,"column":2},"end":{"line":87,"column":1}},"loc":{"start":{"line":81,"column":2},"end":{"line":87,"column":1}},"line":81}},"f":{"0":1,"1":14,"2":37,"3":31,"4":56,"5":37,"6":19,"7":30,"8":6,"9":1,"10":37}}
}
