TN:
SF:../app/agedBrie.ts
FN:1,Object.<anonymous>
FN:4,extendStatics
FN:9,extendStatics
FN:11,extendStatics
FNF:4
FNH:2
FNDA:1,Object.<anonymous>
FNDA:1,extendStatics
FNDA:0,extendStatics
FNDA:0,extendStatics
DA:1,1
DA:2,1
DA:3,1
DA:4,1
DA:5,1
DA:6,1
DA:7,0
DA:8,0
DA:9,0
DA:10,1
DA:11,0
DA:12,0
DA:13,0
DA:14,0
LF:14
LH:7
BRDA:1,0,0,1
BRDA:1,1,0,1
BRDA:3,2,0,1
BRDA:4,3,0,1
BRDA:6,4,0,0
BRDA:10,5,0,0
BRF:6
BRH:4
end_of_record
TN:
SF:../app/backstagePass.ts
FN:1,Object.<anonymous>
FN:4,extendStatics
FN:8,extendStatics
FN:10,extendStatics
FN:15,Object.<anonymous>.__extends
FNF:5
FNH:3
FNDA:1,Object.<anonymous>
FNDA:1,extendStatics
FNDA:0,extendStatics
FNDA:0,extendStatics
FNDA:1,Object.<anonymous>.__extends
DA:1,1
DA:2,1
DA:3,1
DA:4,1
DA:5,1
DA:6,0
DA:7,0
DA:8,0
DA:9,0
DA:10,1
DA:11,0
DA:12,0
DA:13,1
DA:14,1
DA:15,1
DA:16,1
DA:17,0
DA:18,1
DA:19,1
LF:19
LH:12
BRDA:1,0,0,1
BRDA:1,1,0,1
BRDA:3,2,0,1
BRDA:4,3,0,1
BRDA:5,4,0,0
BRDA:10,5,0,0
BRDA:15,6,0,1
BRDA:16,7,0,0
BRF:8
BRH:5
end_of_record
TN:
SF:../app/conjured.ts
FN:1,Object.<anonymous>
FN:6,extendStatics
FNF:2
FNH:2
FNDA:1,Object.<anonymous>
FNDA:1,extendStatics
DA:1,1
DA:2,1
DA:3,1
DA:4,1
DA:5,1
DA:6,1
DA:7,1
DA:8,0
DA:9,0
LF:9
LH:7
BRDA:1,0,0,1
BRDA:1,1,0,1
BRDA:3,2,0,1
BRDA:6,3,0,1
BRDA:7,4,0,0
BRF:5
BRH:4
end_of_record
TN:
SF:../app/gilded-rose.ts
FN:1,Object.<anonymous>
FN:10,GildedRose
FN:18,Object.<anonymous>.GildedRose._runDays
FNF:3
FNH:3
FNDA:1,Object.<anonymous>
FNDA:7,GildedRose
FNDA:1,Object.<anonymous>.GildedRose._runDays
DA:1,1
DA:2,1
DA:3,1
DA:4,1
DA:5,1
DA:6,1
DA:7,1
DA:8,1
DA:9,1
DA:10,1
DA:11,7
DA:12,7
DA:13,1
DA:14,1
DA:15,1
DA:16,1
DA:17,1
DA:18,1
DA:19,1
DA:20,1
DA:21,1
LF:21
LH:21
BRDA:1,0,0,1
BRDA:1,1,0,1
BRDA:7,2,0,1
BRDA:10,3,0,7
BRDA:12,4,0,0
BRDA:18,5,0,1
BRF:6
BRH:5
end_of_record
TN:
SF:../app/item.ts
FN:1,Object.<anonymous>
FN:8,Item
FN:21,Object.<anonymous>.Item.deceaseSellIn
FN:24,Object.<anonymous>.Item.checkQuality
FN:37,Object.<anonymous>.Item.changeQuality
FNF:5
FNH:5
FNDA:1,Object.<anonymous>
FNDA:16,Item
FNDA:38,Object.<anonymous>.Item.deceaseSellIn
FNDA:38,Object.<anonymous>.Item.checkQuality
FNDA:20,Object.<anonymous>.Item.changeQuality
DA:1,1
DA:2,1
DA:3,1
DA:4,1
DA:5,1
DA:6,1
DA:7,1
DA:8,1
DA:9,16
DA:10,16
DA:11,16
DA:12,16
DA:13,16
DA:14,16
DA:15,16
DA:16,16
DA:17,16
DA:18,16
DA:19,16
DA:20,1
DA:21,1
DA:22,1
DA:23,1
DA:24,1
DA:25,38
DA:26,2
DA:27,2
DA:28,2
DA:29,2
DA:30,38
DA:31,38
DA:32,6
DA:33,38
DA:34,1
DA:35,1
DA:36,1
DA:37,1
DA:38,20
DA:39,20
DA:40,20
DA:41,20
LF:41
LH:41
BRDA:1,0,0,1
BRDA:1,1,0,1
BRDA:7,2,0,1
BRDA:8,3,0,16
BRDA:21,4,0,38
BRDA:24,5,0,38
BRDA:25,6,0,2
BRDA:31,7,0,6
BRDA:37,8,0,20
BRF:9
BRH:9
end_of_record
TN:
SF:../app/sulfuras.ts
FN:1,Object.<anonymous>
FN:4,extendStatics
FN:8,extendStatics
FNF:3
FNH:2
FNDA:1,Object.<anonymous>
FNDA:1,extendStatics
FNDA:0,extendStatics
DA:1,1
DA:2,1
DA:3,1
DA:4,1
DA:5,1
DA:6,0
DA:7,0
DA:8,0
DA:9,0
DA:10,0
DA:11,0
LF:11
LH:5
BRDA:1,0,0,1
BRDA:1,1,0,1
BRDA:3,2,0,1
BRDA:4,3,0,1
BRDA:5,4,0,0
BRF:5
BRH:4
end_of_record
