TN:
SF:../app/gilded-rose.ts
FN:1,Object.<anonymous>
FN:9,Item
FN:17,Object.<anonymous>.Item.isAgedBrie
FN:24,Object.<anonymous>.Item.isBackStage
FN:30,Object.<anonymous>.Item.isSulfuras
FN:33,Object.<anonymous>.Item.reduceSellIn
FN:43,Object.<anonymous>.Item.reduceQuality
FN:57,Object.<anonymous>.Item.increaseQuality
FN:65,GildedRose
FN:71,Object.<anonymous>.GildedRose._runDays
FN:81,Object.<anonymous>.GildedRose._modifyItemValue
FNF:11
FNH:11
FNDA:1,Object.<anonymous>
FNDA:14,Item
FNDA:37,Object.<anonymous>.Item.isAgedBrie
FNDA:31,Object.<anonymous>.Item.isBackStage
FNDA:56,Object.<anonymous>.Item.isSulfuras
FNDA:37,Object.<anonymous>.Item.reduceSellIn
FNDA:19,Object.<anonymous>.Item.reduceQuality
FNDA:30,Object.<anonymous>.Item.increaseQuality
FNDA:6,GildedRose
FNDA:1,Object.<anonymous>.GildedRose._runDays
FNDA:37,Object.<anonymous>.GildedRose._modifyItemValue
DA:1,1
DA:2,1
DA:3,1
DA:4,1
DA:5,1
DA:6,1
DA:7,1
DA:8,1
DA:9,1
DA:10,14
DA:11,14
DA:12,14
DA:13,14
DA:14,14
DA:15,14
DA:16,14
DA:17,1
DA:18,37
DA:19,37
DA:20,37
DA:21,1
DA:22,1
DA:23,1
DA:24,1
DA:25,31
DA:26,31
DA:27,31
DA:28,31
DA:29,1
DA:30,1
DA:31,56
DA:32,1
DA:33,1
DA:34,37
DA:35,37
DA:36,37
DA:37,37
DA:38,37
DA:39,1
DA:40,1
DA:41,1
DA:42,1
DA:43,1
DA:44,19
DA:45,19
DA:46,19
DA:47,19
DA:48,14
DA:49,14
DA:50,14
DA:51,19
DA:52,5
DA:53,1
DA:54,1
DA:55,1
DA:56,1
DA:57,1
DA:58,30
DA:59,30
DA:60,19
DA:61,1
DA:62,1
DA:63,1
DA:64,1
DA:65,1
DA:66,6
DA:67,6
DA:68,1
DA:69,1
DA:70,1
DA:71,1
DA:72,1
DA:73,1
DA:74,1
DA:75,4
DA:76,1
DA:77,1
DA:78,1
DA:79,1
DA:80,1
DA:81,1
DA:82,37
DA:83,37
DA:84,37
DA:85,6
DA:86,6
DA:87,6
LF:87
LH:87
BRDA:1,0,0,1
BRDA:1,1,0,1
BRDA:8,2,0,1
BRDA:9,3,0,14
BRDA:17,4,0,37
BRDA:24,5,0,31
BRDA:30,6,0,56
BRDA:33,7,0,37
BRDA:38,8,0,3
BRDA:38,9,0,34
BRDA:43,10,0,19
BRDA:46,11,0,16
BRDA:46,12,0,5
BRDA:47,13,0,14
BRDA:51,14,0,5
BRDA:57,15,0,30
BRDA:59,16,0,11
BRDA:59,17,0,19
BRDA:63,18,0,1
BRDA:65,19,0,6
BRDA:67,20,0,0
BRDA:71,21,0,1
BRDA:74,22,0,4
BRDA:81,23,0,37
BRDA:84,24,0,6
BRF:25
BRH:24
end_of_record
